Traceback (most recent call last):
  File "/opt/hostedtoolcache/Python/3.10.13/x64/lib/python3.10/site-packages/jupyter_cache/executors/utils.py", line 58, in single_nb_execution
    executenb(
  File "/opt/hostedtoolcache/Python/3.10.13/x64/lib/python3.10/site-packages/nbclient/client.py", line 1305, in execute
    return NotebookClient(nb=nb, resources=resources, km=km, **kwargs).execute()
  File "/opt/hostedtoolcache/Python/3.10.13/x64/lib/python3.10/site-packages/jupyter_core/utils/__init__.py", line 173, in wrapped
    return loop.run_until_complete(inner)
  File "/opt/hostedtoolcache/Python/3.10.13/x64/lib/python3.10/asyncio/base_events.py", line 649, in run_until_complete
    return future.result()
  File "/opt/hostedtoolcache/Python/3.10.13/x64/lib/python3.10/site-packages/nbclient/client.py", line 705, in async_execute
    await self.async_execute_cell(
  File "/opt/hostedtoolcache/Python/3.10.13/x64/lib/python3.10/site-packages/nbclient/client.py", line 1058, in async_execute_cell
    await self._check_raise_for_error(cell, cell_index, exec_reply)
  File "/opt/hostedtoolcache/Python/3.10.13/x64/lib/python3.10/site-packages/nbclient/client.py", line 914, in _check_raise_for_error
    raise CellExecutionError.from_cell_and_msg(cell, exec_reply_content)
nbclient.exceptions.CellExecutionError: An error occurred while executing the following cell:
------------------
import crystal_toolkit

NaCl
------------------

----- stdout -----
No module named 'phonopy'
------------------

[0;31m---------------------------------------------------------------------------[0m
[0;31mModuleNotFoundError[0m                       Traceback (most recent call last)
Cell [0;32mIn[7], line 1[0m
[0;32m----> 1[0m [38;5;28;01mimport[39;00m [38;5;21;01mcrystal_toolkit[39;00m
[1;32m      3[0m NaCl

File [0;32m/opt/hostedtoolcache/Python/3.10.13/x64/lib/python3.10/site-packages/crystal_toolkit/__init__.py:9[0m
[1;32m      6[0m [38;5;28;01mfrom[39;00m [38;5;21;01mmonty[39;00m[38;5;21;01m.[39;00m[38;5;21;01mjson[39;00m [38;5;28;01mimport[39;00m MSONable
[1;32m      8[0m [38;5;28;01mimport[39;00m [38;5;21;01mcrystal_toolkit[39;00m[38;5;21;01m.[39;00m[38;5;21;01mhelpers[39;00m[38;5;21;01m.[39;00m[38;5;21;01mlayouts[39;00m [38;5;28;01mas[39;00m [38;5;21;01mctl[39;00m
[0;32m----> 9[0m [38;5;28;01mfrom[39;00m [38;5;21;01mcrystal_toolkit[39;00m[38;5;21;01m.[39;00m[38;5;21;01mcore[39;00m[38;5;21;01m.[39;00m[38;5;21;01mjupyter[39;00m [38;5;28;01mimport[39;00m patch_msonable
[1;32m     10[0m [38;5;28;01mfrom[39;00m [38;5;21;01mcrystal_toolkit[39;00m[38;5;21;01m.[39;00m[38;5;21;01mcore[39;00m[38;5;21;01m.[39;00m[38;5;21;01mplugin[39;00m [38;5;28;01mimport[39;00m CrystalToolkitPlugin
[1;32m     11[0m [38;5;28;01mfrom[39;00m [38;5;21;01mcrystal_toolkit[39;00m[38;5;21;01m.[39;00m[38;5;21;01mrenderables[39;00m [38;5;28;01mimport[39;00m (
[1;32m     12[0m     Lattice,
[1;32m     13[0m     Molecule,
[0;32m   (...)[0m
[1;32m     19[0m     VolumetricData,
[1;32m     20[0m )

File [0;32m/opt/hostedtoolcache/Python/3.10.13/x64/lib/python3.10/site-packages/crystal_toolkit/core/jupyter.py:13[0m
[1;32m     10[0m [38;5;28;01mfrom[39;00m [38;5;21;01mpymatgen[39;00m[38;5;21;01m.[39;00m[38;5;21;01mcore[39;00m[38;5;21;01m.[39;00m[38;5;21;01mstructure[39;00m [38;5;28;01mimport[39;00m SiteCollection
[1;32m     12[0m [38;5;28;01mimport[39;00m [38;5;21;01mcrystal_toolkit[39;00m[38;5;21;01m.[39;00m[38;5;21;01mhelpers[39;00m[38;5;21;01m.[39;00m[38;5;21;01mlayouts[39;00m [38;5;28;01mas[39;00m [38;5;21;01mctl[39;00m
[0;32m---> 13[0m [38;5;28;01mfrom[39;00m [38;5;21;01mcrystal_toolkit[39;00m[38;5;21;01m.[39;00m[38;5;21;01mcomponents[39;00m[38;5;21;01m.[39;00m[38;5;21;01mstructure[39;00m [38;5;28;01mimport[39;00m StructureMoleculeComponent
[1;32m     14[0m [38;5;28;01mfrom[39;00m [38;5;21;01mcrystal_toolkit[39;00m[38;5;21;01m.[39;00m[38;5;21;01mcore[39;00m[38;5;21;01m.[39;00m[38;5;21;01mplugin[39;00m [38;5;28;01mimport[39;00m CrystalToolkitPlugin
[1;32m     15[0m [38;5;28;01mfrom[39;00m [38;5;21;01mcrystal_toolkit[39;00m[38;5;21;01m.[39;00m[38;5;21;01msettings[39;00m [38;5;28;01mimport[39;00m SETTINGS

File [0;32m/opt/hostedtoolcache/Python/3.10.13/x64/lib/python3.10/site-packages/crystal_toolkit/components/__init__.py:20[0m
[1;32m     15[0m [38;5;28;01mfrom[39;00m [38;5;21;01mcrystal_toolkit[39;00m[38;5;21;01m.[39;00m[38;5;21;01mcomponents[39;00m[38;5;21;01m.[39;00m[38;5;21;01mphonon[39;00m [38;5;28;01mimport[39;00m (
[1;32m     16[0m     PhononBandstructureAndDosComponent,
[1;32m     17[0m     PhononBandstructureAndDosPanelComponent,
[1;32m     18[0m )
[1;32m     19[0m [38;5;28;01mfrom[39;00m [38;5;21;01mcrystal_toolkit[39;00m[38;5;21;01m.[39;00m[38;5;21;01mcomponents[39;00m[38;5;21;01m.[39;00m[38;5;21;01mpourbaix[39;00m [38;5;28;01mimport[39;00m PourbaixDiagramComponent
[0;32m---> 20[0m [38;5;28;01mfrom[39;00m [38;5;21;01mcrystal_toolkit[39;00m[38;5;21;01m.[39;00m[38;5;21;01mcomponents[39;00m[38;5;21;01m.[39;00m[38;5;21;01mrobocrys[39;00m [38;5;28;01mimport[39;00m RobocrysComponent
[1;32m     21[0m [38;5;28;01mfrom[39;00m [38;5;21;01mcrystal_toolkit[39;00m[38;5;21;01m.[39;00m[38;5;21;01mcomponents[39;00m[38;5;21;01m.[39;00m[38;5;21;01msearch[39;00m [38;5;28;01mimport[39;00m SearchComponent
[1;32m     22[0m [38;5;28;01mfrom[39;00m [38;5;21;01mcrystal_toolkit[39;00m[38;5;21;01m.[39;00m[38;5;21;01mcomponents[39;00m[38;5;21;01m.[39;00m[38;5;21;01mstructure[39;00m [38;5;28;01mimport[39;00m StructureMoleculeComponent

File [0;32m/opt/hostedtoolcache/Python/3.10.13/x64/lib/python3.10/site-packages/crystal_toolkit/components/robocrys.py:5[0m
[1;32m      3[0m [38;5;28;01mfrom[39;00m [38;5;21;01mdash[39;00m [38;5;28;01mimport[39;00m html
[1;32m      4[0m [38;5;28;01mfrom[39;00m [38;5;21;01mdash[39;00m[38;5;21;01m.[39;00m[38;5;21;01mdependencies[39;00m [38;5;28;01mimport[39;00m Input, Output
[0;32m----> 5[0m [38;5;28;01mfrom[39;00m [38;5;21;01mrobocrys[39;00m [38;5;28;01mimport[39;00m StructureCondenser, StructureDescriber
[1;32m      6[0m [38;5;28;01mfrom[39;00m [38;5;21;01mrobocrys[39;00m [38;5;28;01mimport[39;00m __version__ [38;5;28;01mas[39;00m robocrys_version
[1;32m      8[0m [38;5;28;01mfrom[39;00m [38;5;21;01mcrystal_toolkit[39;00m[38;5;21;01m.[39;00m[38;5;21;01mcore[39;00m[38;5;21;01m.[39;00m[38;5;21;01mpanelcomponent[39;00m [38;5;28;01mimport[39;00m PanelComponent

[0;31mModuleNotFoundError[0m: No module named 'robocrys'

